<?xml version="1.0" encoding="UTF-8"?>
<testsuite name="com.hej.book.springboot.web.Index.IndexControllerTest" tests="1" skipped="0" failures="0" errors="0" timestamp="2022-03-22T19:33:37" hostname="LAPTOP-NJ3I31UP" time="0.223">
  <properties/>
  <testcase name="메인페이지_로딩" classname="com.hej.book.springboot.web.Index.IndexControllerTest" time="0.223"/>
  <system-out><![CDATA[2022-03-23 04:33:37.112  INFO 16308 --- [    Test worker] .b.t.c.SpringBootTestContextBootstrapper : Neither @ContextConfiguration nor @ContextHierarchy found for test class [com.hej.book.springboot.web.Index.IndexControllerTest], using SpringBootContextLoader
2022-03-23 04:33:37.128  INFO 16308 --- [    Test worker] o.s.t.c.support.AbstractContextLoader    : Could not detect default resource locations for test class [com.hej.book.springboot.web.Index.IndexControllerTest]: no resource found for suffixes {-context.xml, Context.groovy}.
2022-03-23 04:33:37.128  INFO 16308 --- [    Test worker] t.c.s.AnnotationConfigContextLoaderUtils : Could not detect default configuration classes for test class [com.hej.book.springboot.web.Index.IndexControllerTest]: IndexControllerTest does not declare any static, non-private, non-final, nested classes annotated with @Configuration.
2022-03-23 04:33:37.128  INFO 16308 --- [    Test worker] .b.t.c.SpringBootTestContextBootstrapper : Found @SpringBootConfiguration com.hej.book.springboot.Application for test class com.hej.book.springboot.web.Index.IndexControllerTest
2022-03-23 04:33:37.143  INFO 16308 --- [    Test worker] .b.t.c.SpringBootTestContextBootstrapper : Loaded default TestExecutionListener class names from location [META-INF/spring.factories]: [org.springframework.security.test.context.support.WithSecurityContextTestExecutionListener, org.springframework.security.test.context.support.ReactorContextTestExecutionListener, org.springframework.boot.test.autoconfigure.restdocs.RestDocsTestExecutionListener, org.springframework.boot.test.autoconfigure.web.client.MockRestServiceServerResetTestExecutionListener, org.springframework.boot.test.autoconfigure.web.servlet.MockMvcPrintOnlyOnFailureTestExecutionListener, org.springframework.boot.test.autoconfigure.web.servlet.WebDriverTestExecutionListener, org.springframework.boot.test.mock.mockito.MockitoTestExecutionListener, org.springframework.boot.test.mock.mockito.ResetMocksTestExecutionListener, org.springframework.test.context.web.ServletTestExecutionListener, org.springframework.test.context.support.DirtiesContextBeforeModesTestExecutionListener, org.springframework.test.context.support.DependencyInjectionTestExecutionListener, org.springframework.test.context.support.DirtiesContextTestExecutionListener, org.springframework.test.context.transaction.TransactionalTestExecutionListener, org.springframework.test.context.jdbc.SqlScriptsTestExecutionListener]
2022-03-23 04:33:37.143  INFO 16308 --- [    Test worker] .b.t.c.SpringBootTestContextBootstrapper : Using TestExecutionListeners: [org.springframework.test.context.web.ServletTestExecutionListener@488e898c, org.springframework.test.context.support.DirtiesContextBeforeModesTestExecutionListener@6557acc6, org.springframework.boot.test.mock.mockito.MockitoTestExecutionListener@2a892b96, org.springframework.boot.test.autoconfigure.SpringBootDependencyInjectionTestExecutionListener@4bdc878f, org.springframework.test.context.support.DirtiesContextTestExecutionListener@77a2b591, org.springframework.test.context.transaction.TransactionalTestExecutionListener@2f4b163f, org.springframework.test.context.jdbc.SqlScriptsTestExecutionListener@4cfd4ddb, org.springframework.security.test.context.support.WithSecurityContextTestExecutionListener@63324b34, org.springframework.security.test.context.support.ReactorContextTestExecutionListener@15e64fe, org.springframework.boot.test.autoconfigure.restdocs.RestDocsTestExecutionListener@76536004, org.springframework.boot.test.autoconfigure.web.client.MockRestServiceServerResetTestExecutionListener@50e66880, org.springframework.boot.test.autoconfigure.web.servlet.MockMvcPrintOnlyOnFailureTestExecutionListener@21fce243, org.springframework.boot.test.autoconfigure.web.servlet.WebDriverTestExecutionListener@53f70b16, org.springframework.boot.test.mock.mockito.ResetMocksTestExecutionListener@3e49122c]
2022-03-23 04:33:37.284  INFO 16308 --- [o-auto-1-exec-1] o.a.c.c.C.[Tomcat].[localhost].[/]       : Initializing Spring DispatcherServlet 'dispatcherServlet'
2022-03-23 04:33:37.284  INFO 16308 --- [o-auto-1-exec-1] o.s.web.servlet.DispatcherServlet        : Initializing Servlet 'dispatcherServlet'
2022-03-23 04:33:37.284  INFO 16308 --- [o-auto-1-exec-1] o.s.web.servlet.DispatcherServlet        : Completed initialization in 0 ms
Hibernate: select posts0_.id as id1_0_, posts0_.created_date as created_2_0_, posts0_.modified_date as modified3_0_, posts0_.author as author4_0_, posts0_.content as content5_0_, posts0_.title as title6_0_ from posts posts0_ order by posts0_.id DESC
]]></system-out>
  <system-err><![CDATA[]]></system-err>
</testsuite>
