<?xml version="1.0" encoding="UTF-8"?>
<testsuite name="com.hej.book.springboot.web.Index.IndexControllerTest" tests="1" skipped="0" failures="0" errors="0" timestamp="2022-01-04T20:45:49" hostname="LAPTOP-NJ3I31UP" time="0.209">
  <properties/>
  <testcase name="메인페이지_로딩" classname="com.hej.book.springboot.web.Index.IndexControllerTest" time="0.209"/>
  <system-out><![CDATA[2022-01-05 05:45:49.528  INFO 11404 --- [    Test worker] .b.t.c.SpringBootTestContextBootstrapper : Neither @ContextConfiguration nor @ContextHierarchy found for test class [com.hej.book.springboot.web.Index.IndexControllerTest], using SpringBootContextLoader
2022-01-05 05:45:49.530  INFO 11404 --- [    Test worker] o.s.t.c.support.AbstractContextLoader    : Could not detect default resource locations for test class [com.hej.book.springboot.web.Index.IndexControllerTest]: no resource found for suffixes {-context.xml, Context.groovy}.
2022-01-05 05:45:49.530  INFO 11404 --- [    Test worker] t.c.s.AnnotationConfigContextLoaderUtils : Could not detect default configuration classes for test class [com.hej.book.springboot.web.Index.IndexControllerTest]: IndexControllerTest does not declare any static, non-private, non-final, nested classes annotated with @Configuration.
2022-01-05 05:45:49.548  INFO 11404 --- [    Test worker] .b.t.c.SpringBootTestContextBootstrapper : Found @SpringBootConfiguration com.hej.book.springboot.Application for test class com.hej.book.springboot.web.Index.IndexControllerTest
2022-01-05 05:45:49.550  INFO 11404 --- [    Test worker] .b.t.c.SpringBootTestContextBootstrapper : Loaded default TestExecutionListener class names from location [META-INF/spring.factories]: [org.springframework.security.test.context.support.WithSecurityContextTestExecutionListener, org.springframework.security.test.context.support.ReactorContextTestExecutionListener, org.springframework.boot.test.autoconfigure.restdocs.RestDocsTestExecutionListener, org.springframework.boot.test.autoconfigure.web.client.MockRestServiceServerResetTestExecutionListener, org.springframework.boot.test.autoconfigure.web.servlet.MockMvcPrintOnlyOnFailureTestExecutionListener, org.springframework.boot.test.autoconfigure.web.servlet.WebDriverTestExecutionListener, org.springframework.boot.test.mock.mockito.MockitoTestExecutionListener, org.springframework.boot.test.mock.mockito.ResetMocksTestExecutionListener, org.springframework.test.context.web.ServletTestExecutionListener, org.springframework.test.context.support.DirtiesContextBeforeModesTestExecutionListener, org.springframework.test.context.support.DependencyInjectionTestExecutionListener, org.springframework.test.context.support.DirtiesContextTestExecutionListener, org.springframework.test.context.transaction.TransactionalTestExecutionListener, org.springframework.test.context.jdbc.SqlScriptsTestExecutionListener]
2022-01-05 05:45:49.551  INFO 11404 --- [    Test worker] .b.t.c.SpringBootTestContextBootstrapper : Using TestExecutionListeners: [org.springframework.test.context.web.ServletTestExecutionListener@327959e1, org.springframework.test.context.support.DirtiesContextBeforeModesTestExecutionListener@2c0ab2a8, org.springframework.boot.test.mock.mockito.MockitoTestExecutionListener@7f4bfd96, org.springframework.boot.test.autoconfigure.SpringBootDependencyInjectionTestExecutionListener@25828873, org.springframework.test.context.support.DirtiesContextTestExecutionListener@5d4c6b73, org.springframework.test.context.transaction.TransactionalTestExecutionListener@24aa0d80, org.springframework.test.context.jdbc.SqlScriptsTestExecutionListener@42de3ce, org.springframework.security.test.context.support.WithSecurityContextTestExecutionListener@35dd3228, org.springframework.security.test.context.support.ReactorContextTestExecutionListener@bf4d013, org.springframework.boot.test.autoconfigure.restdocs.RestDocsTestExecutionListener@7f461ae0, org.springframework.boot.test.autoconfigure.web.client.MockRestServiceServerResetTestExecutionListener@141eb555, org.springframework.boot.test.autoconfigure.web.servlet.MockMvcPrintOnlyOnFailureTestExecutionListener@488e898c, org.springframework.boot.test.autoconfigure.web.servlet.WebDriverTestExecutionListener@6557acc6, org.springframework.boot.test.mock.mockito.ResetMocksTestExecutionListener@2a892b96]
2022-01-05 05:45:49.681  INFO 11404 --- [o-auto-1-exec-1] o.a.c.c.C.[Tomcat].[localhost].[/]       : Initializing Spring DispatcherServlet 'dispatcherServlet'
2022-01-05 05:45:49.681  INFO 11404 --- [o-auto-1-exec-1] o.s.web.servlet.DispatcherServlet        : Initializing Servlet 'dispatcherServlet'
2022-01-05 05:45:49.684  INFO 11404 --- [o-auto-1-exec-1] o.s.web.servlet.DispatcherServlet        : Completed initialization in 3 ms
Hibernate: select posts0_.id as id1_0_, posts0_.created_date as created_2_0_, posts0_.modified_date as modified3_0_, posts0_.author as author4_0_, posts0_.content as content5_0_, posts0_.title as title6_0_ from posts posts0_ order by posts0_.id DESC
]]></system-out>
  <system-err><![CDATA[]]></system-err>
</testsuite>
