<?xml version="1.0" encoding="UTF-8"?>
<testsuite name="com.hej.book.springboot.HelloControllerTest" tests="2" skipped="0" failures="0" errors="0" timestamp="2022-03-23T20:21:50" hostname="LAPTOP-NJ3I31UP" time="0.23">
  <properties/>
  <testcase name="hello가_리턴된다()" classname="com.hej.book.springboot.HelloControllerTest" time="0.097"/>
  <testcase name="helloDto가_리턴된다()" classname="com.hej.book.springboot.HelloControllerTest" time="0.132"/>
  <system-out><![CDATA[2022-03-24 05:21:49.366  INFO 27320 --- [    Test worker] .b.t.a.w.s.WebMvcTestContextBootstrapper : Neither @ContextConfiguration nor @ContextHierarchy found for test class [com.hej.book.springboot.HelloControllerTest], using SpringBootContextLoader
2022-03-24 05:21:49.366  INFO 27320 --- [    Test worker] o.s.t.c.support.AbstractContextLoader    : Could not detect default resource locations for test class [com.hej.book.springboot.HelloControllerTest]: no resource found for suffixes {-context.xml, Context.groovy}.
2022-03-24 05:21:49.366  INFO 27320 --- [    Test worker] t.c.s.AnnotationConfigContextLoaderUtils : Could not detect default configuration classes for test class [com.hej.book.springboot.HelloControllerTest]: HelloControllerTest does not declare any static, non-private, non-final, nested classes annotated with @Configuration.
2022-03-24 05:21:49.397  INFO 27320 --- [    Test worker] .b.t.c.SpringBootTestContextBootstrapper : Found @SpringBootConfiguration com.hej.book.springboot.Application for test class com.hej.book.springboot.HelloControllerTest
2022-03-24 05:21:49.397  INFO 27320 --- [    Test worker] .b.t.a.w.s.WebMvcTestContextBootstrapper : Loaded default TestExecutionListener class names from location [META-INF/spring.factories]: [org.springframework.security.test.context.support.WithSecurityContextTestExecutionListener, org.springframework.security.test.context.support.ReactorContextTestExecutionListener, org.springframework.boot.test.autoconfigure.restdocs.RestDocsTestExecutionListener, org.springframework.boot.test.autoconfigure.web.client.MockRestServiceServerResetTestExecutionListener, org.springframework.boot.test.autoconfigure.web.servlet.MockMvcPrintOnlyOnFailureTestExecutionListener, org.springframework.boot.test.autoconfigure.web.servlet.WebDriverTestExecutionListener, org.springframework.boot.test.mock.mockito.MockitoTestExecutionListener, org.springframework.boot.test.mock.mockito.ResetMocksTestExecutionListener, org.springframework.test.context.web.ServletTestExecutionListener, org.springframework.test.context.support.DirtiesContextBeforeModesTestExecutionListener, org.springframework.test.context.support.DependencyInjectionTestExecutionListener, org.springframework.test.context.support.DirtiesContextTestExecutionListener, org.springframework.test.context.transaction.TransactionalTestExecutionListener, org.springframework.test.context.jdbc.SqlScriptsTestExecutionListener]
2022-03-24 05:21:49.412  INFO 27320 --- [    Test worker] .b.t.a.w.s.WebMvcTestContextBootstrapper : Using TestExecutionListeners: [org.springframework.test.context.web.ServletTestExecutionListener@4960548, org.springframework.test.context.support.DirtiesContextBeforeModesTestExecutionListener@74eaffea, org.springframework.boot.test.mock.mockito.MockitoTestExecutionListener@7939e560, org.springframework.boot.test.autoconfigure.SpringBootDependencyInjectionTestExecutionListener@12108e51, org.springframework.test.context.support.DirtiesContextTestExecutionListener@2698751e, org.springframework.test.context.transaction.TransactionalTestExecutionListener@52ecb88, org.springframework.test.context.jdbc.SqlScriptsTestExecutionListener@338a2ca8, org.springframework.security.test.context.support.WithSecurityContextTestExecutionListener@257e4e8e, org.springframework.security.test.context.support.ReactorContextTestExecutionListener@40abefba, org.springframework.boot.test.autoconfigure.restdocs.RestDocsTestExecutionListener@332a1eac, org.springframework.boot.test.autoconfigure.web.client.MockRestServiceServerResetTestExecutionListener@51a78b0d, org.springframework.boot.test.autoconfigure.web.servlet.MockMvcPrintOnlyOnFailureTestExecutionListener@6faa589, org.springframework.boot.test.autoconfigure.web.servlet.WebDriverTestExecutionListener@19335cd3, org.springframework.boot.test.mock.mockito.ResetMocksTestExecutionListener@7a0fee27]

  .   ____          _            __ _ _
 /\\ / ___'_ __ _ _(_)_ __  __ _ \ \ \ \
( ( )\___ | '_ | '_| | '_ \/ _` | \ \ \ \
 \\/  ___)| |_)| | | | | || (_| |  ) ) ) )
  '  |____| .__|_| |_|_| |_\__, | / / / /
 =========|_|==============|___/=/_/_/_/
 :: Spring Boot ::        (v2.1.7.RELEASE)

2022-03-24 05:21:49.444  INFO 27320 --- [    Test worker] c.h.book.springboot.HelloControllerTest  : Starting HelloControllerTest on LAPTOP-NJ3I31UP with PID 27320 (started by Lenovo in E:\2022\web_workspace\springboot-webservice)
2022-03-24 05:21:49.444  INFO 27320 --- [    Test worker] c.h.book.springboot.HelloControllerTest  : No active profile set, falling back to default profiles: default
2022-03-24 05:21:50.091  INFO 27320 --- [    Test worker] o.s.s.concurrent.ThreadPoolTaskExecutor  : Initializing ExecutorService 'applicationTaskExecutor'
2022-03-24 05:21:50.137  INFO 27320 --- [    Test worker] o.s.b.a.w.s.WelcomePageHandlerMapping    : Adding welcome page template: index
2022-03-24 05:21:50.481  INFO 27320 --- [    Test worker] .s.s.UserDetailsServiceAutoConfiguration : 

Using generated security password: cb0de0af-596a-4737-b269-15b47e1d16d5

2022-03-24 05:21:50.684  INFO 27320 --- [    Test worker] o.s.s.web.DefaultSecurityFilterChain     : Creating filter chain: any request, [org.springframework.security.web.context.request.async.WebAsyncManagerIntegrationFilter@1b26d5f8, org.springframework.security.web.context.SecurityContextPersistenceFilter@267ae63d, org.springframework.security.web.header.HeaderWriterFilter@3d2d3384, org.springframework.security.web.csrf.CsrfFilter@31dbf567, org.springframework.security.web.authentication.logout.LogoutFilter@504d4b7c, org.springframework.security.web.authentication.UsernamePasswordAuthenticationFilter@7edf9373, org.springframework.security.web.authentication.ui.DefaultLoginPageGeneratingFilter@58bcdc6e, org.springframework.security.web.authentication.ui.DefaultLogoutPageGeneratingFilter@1aab5ce8, org.springframework.security.web.authentication.www.BasicAuthenticationFilter@7bf9562d, org.springframework.security.web.savedrequest.RequestCacheAwareFilter@4369da3f, org.springframework.security.web.servletapi.SecurityContextHolderAwareRequestFilter@170c60c5, org.springframework.security.web.authentication.AnonymousAuthenticationFilter@2bd239ae, org.springframework.security.web.session.SessionManagementFilter@53b3998b, org.springframework.security.web.access.ExceptionTranslationFilter@5346d603, org.springframework.security.web.access.intercept.FilterSecurityInterceptor@756dbe73]
2022-03-24 05:21:50.731  INFO 27320 --- [    Test worker] o.s.b.t.m.w.SpringBootMockServletContext : Initializing Spring TestDispatcherServlet ''
2022-03-24 05:21:50.731  INFO 27320 --- [    Test worker] o.s.t.web.servlet.TestDispatcherServlet  : Initializing Servlet ''
2022-03-24 05:21:50.746  INFO 27320 --- [    Test worker] o.s.t.web.servlet.TestDispatcherServlet  : Completed initialization in 15 ms
2022-03-24 05:21:50.793  INFO 27320 --- [    Test worker] c.h.book.springboot.HelloControllerTest  : Started HelloControllerTest in 1.381 seconds (JVM running for 11.627)
]]></system-out>
  <system-err><![CDATA[]]></system-err>
</testsuite>
