<?xml version="1.0" encoding="UTF-8"?>
<testsuite name="com.hej.book.springboot.HelloControllerTest" tests="2" skipped="0" failures="0" errors="0" timestamp="2022-03-22T19:33:37" hostname="LAPTOP-NJ3I31UP" time="0.076">
  <properties/>
  <testcase name="hello가_리턴된다" classname="com.hej.book.springboot.HelloControllerTest" time="0.022"/>
  <testcase name="helloDto가_리턴된다" classname="com.hej.book.springboot.HelloControllerTest" time="0.053"/>
  <system-out><![CDATA[2022-03-23 04:33:35.900  INFO 16308 --- [    Test worker] .b.t.a.w.s.WebMvcTestContextBootstrapper : Neither @ContextConfiguration nor @ContextHierarchy found for test class [com.hej.book.springboot.HelloControllerTest], using SpringBootContextLoader
2022-03-23 04:33:35.900  INFO 16308 --- [    Test worker] o.s.t.c.support.AbstractContextLoader    : Could not detect default resource locations for test class [com.hej.book.springboot.HelloControllerTest]: no resource found for suffixes {-context.xml, Context.groovy}.
2022-03-23 04:33:35.900  INFO 16308 --- [    Test worker] t.c.s.AnnotationConfigContextLoaderUtils : Could not detect default configuration classes for test class [com.hej.book.springboot.HelloControllerTest]: HelloControllerTest does not declare any static, non-private, non-final, nested classes annotated with @Configuration.
2022-03-23 04:33:35.915  INFO 16308 --- [    Test worker] .b.t.c.SpringBootTestContextBootstrapper : Found @SpringBootConfiguration com.hej.book.springboot.Application for test class com.hej.book.springboot.HelloControllerTest
2022-03-23 04:33:35.915  INFO 16308 --- [    Test worker] .b.t.a.w.s.WebMvcTestContextBootstrapper : Loaded default TestExecutionListener class names from location [META-INF/spring.factories]: [org.springframework.security.test.context.support.WithSecurityContextTestExecutionListener, org.springframework.security.test.context.support.ReactorContextTestExecutionListener, org.springframework.boot.test.autoconfigure.restdocs.RestDocsTestExecutionListener, org.springframework.boot.test.autoconfigure.web.client.MockRestServiceServerResetTestExecutionListener, org.springframework.boot.test.autoconfigure.web.servlet.MockMvcPrintOnlyOnFailureTestExecutionListener, org.springframework.boot.test.autoconfigure.web.servlet.WebDriverTestExecutionListener, org.springframework.boot.test.mock.mockito.MockitoTestExecutionListener, org.springframework.boot.test.mock.mockito.ResetMocksTestExecutionListener, org.springframework.test.context.web.ServletTestExecutionListener, org.springframework.test.context.support.DirtiesContextBeforeModesTestExecutionListener, org.springframework.test.context.support.DependencyInjectionTestExecutionListener, org.springframework.test.context.support.DirtiesContextTestExecutionListener, org.springframework.test.context.transaction.TransactionalTestExecutionListener, org.springframework.test.context.jdbc.SqlScriptsTestExecutionListener]
2022-03-23 04:33:35.915  INFO 16308 --- [    Test worker] .b.t.a.w.s.WebMvcTestContextBootstrapper : Using TestExecutionListeners: [org.springframework.test.context.web.ServletTestExecutionListener@1e01a767, org.springframework.test.context.support.DirtiesContextBeforeModesTestExecutionListener@3f9f0270, org.springframework.boot.test.mock.mockito.MockitoTestExecutionListener@33d7094, org.springframework.boot.test.autoconfigure.SpringBootDependencyInjectionTestExecutionListener@34fce921, org.springframework.test.context.support.DirtiesContextTestExecutionListener@27d54a46, org.springframework.test.context.transaction.TransactionalTestExecutionListener@609e404e, org.springframework.test.context.jdbc.SqlScriptsTestExecutionListener@8cf3519, org.springframework.security.test.context.support.WithSecurityContextTestExecutionListener@5ba960c0, org.springframework.security.test.context.support.ReactorContextTestExecutionListener@56a38689, org.springframework.boot.test.autoconfigure.restdocs.RestDocsTestExecutionListener@442d2023, org.springframework.boot.test.autoconfigure.web.client.MockRestServiceServerResetTestExecutionListener@353bb242, org.springframework.boot.test.autoconfigure.web.servlet.MockMvcPrintOnlyOnFailureTestExecutionListener@25047b45, org.springframework.boot.test.autoconfigure.web.servlet.WebDriverTestExecutionListener@6fd936a2, org.springframework.boot.test.mock.mockito.ResetMocksTestExecutionListener@42d83f42]

  .   ____          _            __ _ _
 /\\ / ___'_ __ _ _(_)_ __  __ _ \ \ \ \
( ( )\___ | '_ | '_| | '_ \/ _` | \ \ \ \
 \\/  ___)| |_)| | | | | || (_| |  ) ) ) )
  '  |____| .__|_| |_|_| |_\__, | / / / /
 =========|_|==============|___/=/_/_/_/
 :: Spring Boot ::        (v2.1.7.RELEASE)

2022-03-23 04:33:35.978  INFO 16308 --- [    Test worker] c.h.book.springboot.HelloControllerTest  : Starting HelloControllerTest on LAPTOP-NJ3I31UP with PID 16308 (started by Lenovo in E:\2022\web_workspace\springboot-webservice)
2022-03-23 04:33:35.978  INFO 16308 --- [    Test worker] c.h.book.springboot.HelloControllerTest  : No active profile set, falling back to default profiles: default
2022-03-23 04:33:36.519  INFO 16308 --- [    Test worker] o.s.s.concurrent.ThreadPoolTaskExecutor  : Initializing ExecutorService 'applicationTaskExecutor'
2022-03-23 04:33:36.550  INFO 16308 --- [    Test worker] o.s.b.a.w.s.WelcomePageHandlerMapping    : Adding welcome page template: index
2022-03-23 04:33:36.799  INFO 16308 --- [    Test worker] .s.s.UserDetailsServiceAutoConfiguration : 

Using generated security password: ce3327a4-e4c8-45e3-a6a6-5938ecdef70f

2022-03-23 04:33:36.987  INFO 16308 --- [    Test worker] o.s.s.web.DefaultSecurityFilterChain     : Creating filter chain: any request, [org.springframework.security.web.context.request.async.WebAsyncManagerIntegrationFilter@2afe082e, org.springframework.security.web.context.SecurityContextPersistenceFilter@54069550, org.springframework.security.web.header.HeaderWriterFilter@2af4e486, org.springframework.security.web.csrf.CsrfFilter@10092805, org.springframework.security.web.authentication.logout.LogoutFilter@21644179, org.springframework.security.web.authentication.UsernamePasswordAuthenticationFilter@6b4e612e, org.springframework.security.web.authentication.ui.DefaultLoginPageGeneratingFilter@244d8c6c, org.springframework.security.web.authentication.ui.DefaultLogoutPageGeneratingFilter@20663c76, org.springframework.security.web.authentication.www.BasicAuthenticationFilter@5b4794f0, org.springframework.security.web.savedrequest.RequestCacheAwareFilter@7fe4fb08, org.springframework.security.web.servletapi.SecurityContextHolderAwareRequestFilter@72b9f0a6, org.springframework.security.web.authentication.AnonymousAuthenticationFilter@47e1cc9e, org.springframework.security.web.session.SessionManagementFilter@7364a8dd, org.springframework.security.web.access.ExceptionTranslationFilter@1be615e5, org.springframework.security.web.access.intercept.FilterSecurityInterceptor@160fe005]
2022-03-23 04:33:37.003  INFO 16308 --- [    Test worker] o.s.b.t.m.w.SpringBootMockServletContext : Initializing Spring TestDispatcherServlet ''
2022-03-23 04:33:37.003  INFO 16308 --- [    Test worker] o.s.t.web.servlet.TestDispatcherServlet  : Initializing Servlet ''
2022-03-23 04:33:37.003  INFO 16308 --- [    Test worker] o.s.t.web.servlet.TestDispatcherServlet  : Completed initialization in 0 ms
2022-03-23 04:33:37.034  INFO 16308 --- [    Test worker] c.h.book.springboot.HelloControllerTest  : Started HelloControllerTest in 1.119 seconds (JVM running for 14.004)
]]></system-out>
  <system-err><![CDATA[]]></system-err>
</testsuite>
