<?xml version="1.0" encoding="UTF-8"?>
<testsuite name="com.hej.book.springboot.HelloControllerTest" tests="2" skipped="0" failures="0" errors="0" timestamp="2022-01-04T20:45:39" hostname="LAPTOP-NJ3I31UP" time="0.402">
  <properties/>
  <testcase name="hello가_리턴된다" classname="com.hej.book.springboot.HelloControllerTest" time="0.303"/>
  <testcase name="helloDto가_리턴된다" classname="com.hej.book.springboot.HelloControllerTest" time="0.097"/>
  <system-out><![CDATA[05:45:36.241 [Test worker] DEBUG org.springframework.test.context.junit4.SpringJUnit4ClassRunner - SpringJUnit4ClassRunner constructor called with [class com.hej.book.springboot.HelloControllerTest]
05:45:36.251 [Test worker] DEBUG org.springframework.test.context.BootstrapUtils - Instantiating CacheAwareContextLoaderDelegate from class [org.springframework.test.context.cache.DefaultCacheAwareContextLoaderDelegate]
05:45:36.263 [Test worker] DEBUG org.springframework.test.context.BootstrapUtils - Instantiating BootstrapContext using constructor [public org.springframework.test.context.support.DefaultBootstrapContext(java.lang.Class,org.springframework.test.context.CacheAwareContextLoaderDelegate)]
05:45:36.296 [Test worker] DEBUG org.springframework.test.context.BootstrapUtils - Instantiating TestContextBootstrapper for test class [com.hej.book.springboot.HelloControllerTest] from class [org.springframework.boot.test.autoconfigure.web.servlet.WebMvcTestContextBootstrapper]
05:45:36.315 [Test worker] INFO org.springframework.boot.test.autoconfigure.web.servlet.WebMvcTestContextBootstrapper - Neither @ContextConfiguration nor @ContextHierarchy found for test class [com.hej.book.springboot.HelloControllerTest], using SpringBootContextLoader
05:45:36.319 [Test worker] DEBUG org.springframework.test.context.support.AbstractContextLoader - Did not detect default resource location for test class [com.hej.book.springboot.HelloControllerTest]: class path resource [com/hej/book/springboot/HelloControllerTest-context.xml] does not exist
05:45:36.320 [Test worker] DEBUG org.springframework.test.context.support.AbstractContextLoader - Did not detect default resource location for test class [com.hej.book.springboot.HelloControllerTest]: class path resource [com/hej/book/springboot/HelloControllerTestContext.groovy] does not exist
05:45:36.320 [Test worker] INFO org.springframework.test.context.support.AbstractContextLoader - Could not detect default resource locations for test class [com.hej.book.springboot.HelloControllerTest]: no resource found for suffixes {-context.xml, Context.groovy}.
05:45:36.321 [Test worker] INFO org.springframework.test.context.support.AnnotationConfigContextLoaderUtils - Could not detect default configuration classes for test class [com.hej.book.springboot.HelloControllerTest]: HelloControllerTest does not declare any static, non-private, non-final, nested classes annotated with @Configuration.
05:45:36.399 [Test worker] DEBUG org.springframework.test.context.support.ActiveProfilesUtils - Could not find an 'annotation declaring class' for annotation type [org.springframework.test.context.ActiveProfiles] and class [com.hej.book.springboot.HelloControllerTest]
05:45:36.457 [Test worker] DEBUG org.springframework.context.annotation.ClassPathScanningCandidateComponentProvider - Identified candidate component class: file [E:\2022\web_workspace\springboot-webservice\build\classes\java\main\com\hej\book\springboot\Application.class]
05:45:36.458 [Test worker] INFO org.springframework.boot.test.context.SpringBootTestContextBootstrapper - Found @SpringBootConfiguration com.hej.book.springboot.Application for test class com.hej.book.springboot.HelloControllerTest
05:45:36.460 [Test worker] DEBUG org.springframework.boot.test.autoconfigure.web.servlet.WebMvcTestContextBootstrapper - @TestExecutionListeners is not present for class [com.hej.book.springboot.HelloControllerTest]: using defaults.
05:45:36.461 [Test worker] INFO org.springframework.boot.test.autoconfigure.web.servlet.WebMvcTestContextBootstrapper - Loaded default TestExecutionListener class names from location [META-INF/spring.factories]: [org.springframework.security.test.context.support.WithSecurityContextTestExecutionListener, org.springframework.security.test.context.support.ReactorContextTestExecutionListener, org.springframework.boot.test.autoconfigure.restdocs.RestDocsTestExecutionListener, org.springframework.boot.test.autoconfigure.web.client.MockRestServiceServerResetTestExecutionListener, org.springframework.boot.test.autoconfigure.web.servlet.MockMvcPrintOnlyOnFailureTestExecutionListener, org.springframework.boot.test.autoconfigure.web.servlet.WebDriverTestExecutionListener, org.springframework.boot.test.mock.mockito.MockitoTestExecutionListener, org.springframework.boot.test.mock.mockito.ResetMocksTestExecutionListener, org.springframework.test.context.web.ServletTestExecutionListener, org.springframework.test.context.support.DirtiesContextBeforeModesTestExecutionListener, org.springframework.test.context.support.DependencyInjectionTestExecutionListener, org.springframework.test.context.support.DirtiesContextTestExecutionListener, org.springframework.test.context.transaction.TransactionalTestExecutionListener, org.springframework.test.context.jdbc.SqlScriptsTestExecutionListener]
05:45:36.486 [Test worker] INFO org.springframework.boot.test.autoconfigure.web.servlet.WebMvcTestContextBootstrapper - Using TestExecutionListeners: [org.springframework.test.context.web.ServletTestExecutionListener@92805b4, org.springframework.test.context.support.DirtiesContextBeforeModesTestExecutionListener@61f001bd, org.springframework.boot.test.mock.mockito.MockitoTestExecutionListener@3c7cdfb7, org.springframework.boot.test.autoconfigure.SpringBootDependencyInjectionTestExecutionListener@6b3bee3a, org.springframework.test.context.support.DirtiesContextTestExecutionListener@2277534c, org.springframework.test.context.transaction.TransactionalTestExecutionListener@436b5356, org.springframework.test.context.jdbc.SqlScriptsTestExecutionListener@1930bdeb, org.springframework.security.test.context.support.WithSecurityContextTestExecutionListener@2d4edac9, org.springframework.security.test.context.support.ReactorContextTestExecutionListener@35bb111f, org.springframework.boot.test.autoconfigure.restdocs.RestDocsTestExecutionListener@2c53151d, org.springframework.boot.test.autoconfigure.web.client.MockRestServiceServerResetTestExecutionListener@30903a99, org.springframework.boot.test.autoconfigure.web.servlet.MockMvcPrintOnlyOnFailureTestExecutionListener@6bd326d0, org.springframework.boot.test.autoconfigure.web.servlet.WebDriverTestExecutionListener@68df15c, org.springframework.boot.test.mock.mockito.ResetMocksTestExecutionListener@3242f76d]
05:45:36.491 [Test worker] DEBUG org.springframework.test.annotation.ProfileValueUtils - Retrieved @ProfileValueSourceConfiguration [null] for test class [com.hej.book.springboot.HelloControllerTest]
05:45:36.492 [Test worker] DEBUG org.springframework.test.annotation.ProfileValueUtils - Retrieved ProfileValueSource type [class org.springframework.test.annotation.SystemProfileValueSource] for class [com.hej.book.springboot.HelloControllerTest]
05:45:36.493 [Test worker] DEBUG org.springframework.test.annotation.ProfileValueUtils - Retrieved @ProfileValueSourceConfiguration [null] for test class [com.hej.book.springboot.HelloControllerTest]
05:45:36.493 [Test worker] DEBUG org.springframework.test.annotation.ProfileValueUtils - Retrieved ProfileValueSource type [class org.springframework.test.annotation.SystemProfileValueSource] for class [com.hej.book.springboot.HelloControllerTest]
05:45:36.498 [Test worker] DEBUG org.springframework.test.context.support.AbstractDirtiesContextTestExecutionListener - Before test class: context [DefaultTestContext@52ec7b2f testClass = HelloControllerTest, testInstance = [null], testMethod = [null], testException = [null], mergedContextConfiguration = [WebMergedContextConfiguration@310fa9d6 testClass = HelloControllerTest, locations = '{}', classes = '{class com.hej.book.springboot.Application}', contextInitializerClasses = '[]', activeProfiles = '{}', propertySourceLocations = '{}', propertySourceProperties = '{org.springframework.boot.test.autoconfigure.web.servlet.WebMvcTestContextBootstrapper=true}', contextCustomizers = set[org.springframework.boot.test.autoconfigure.OverrideAutoConfigurationContextCustomizerFactory$DisableAutoConfigurationContextCustomizer@35dc98b5, org.springframework.boot.test.autoconfigure.filter.TypeExcludeFiltersContextCustomizer@b95217a3, org.springframework.boot.test.autoconfigure.properties.PropertyMappingContextCustomizer@a5424486, org.springframework.boot.test.autoconfigure.web.servlet.WebDriverContextCustomizerFactory$Customizer@1ce31ed, [ImportsContextCustomizer@58c219e1 key = [org.springframework.boot.autoconfigure.cache.CacheAutoConfiguration, org.springframework.boot.autoconfigure.context.MessageSourceAutoConfiguration, org.springframework.boot.autoconfigure.data.web.SpringDataWebAutoConfiguration, org.springframework.boot.autoconfigure.freemarker.FreeMarkerAutoConfiguration, org.springframework.boot.autoconfigure.groovy.template.GroovyTemplateAutoConfiguration, org.springframework.boot.autoconfigure.gson.GsonAutoConfiguration, org.springframework.boot.autoconfigure.hateoas.HypermediaAutoConfiguration, org.springframework.boot.autoconfigure.http.HttpMessageConvertersAutoConfiguration, org.springframework.boot.autoconfigure.jackson.JacksonAutoConfiguration, org.springframework.boot.autoconfigure.jsonb.JsonbAutoConfiguration, org.springframework.boot.autoconfigure.mustache.MustacheAutoConfiguration, org.springframework.boot.autoconfigure.task.TaskExecutionAutoConfiguration, org.springframework.boot.autoconfigure.thymeleaf.ThymeleafAutoConfiguration, org.springframework.boot.autoconfigure.validation.ValidationAutoConfiguration, org.springframework.boot.autoconfigure.web.servlet.error.ErrorMvcAutoConfiguration, org.springframework.boot.autoconfigure.web.servlet.WebMvcAutoConfiguration, org.springframework.boot.test.autoconfigure.web.servlet.MockMvcAutoConfiguration, org.springframework.boot.test.autoconfigure.web.servlet.MockMvcSecurityAutoConfiguration, org.springframework.boot.test.autoconfigure.web.servlet.MockMvcWebClientAutoConfiguration, org.springframework.boot.test.autoconfigure.web.servlet.MockMvcWebDriverAutoConfiguration]], org.springframework.boot.test.context.filter.ExcludeFilterContextCustomizer@4129e416, org.springframework.boot.test.json.DuplicateJsonObjectContextCustomizerFactory$DuplicateJsonObjectContextCustomizer@5207e907, org.springframework.boot.test.mock.mockito.MockitoContextCustomizer@0], resourceBasePath = 'src/main/webapp', contextLoader = 'org.springframework.boot.test.context.SpringBootContextLoader', parent = [null]], attributes = map[[empty]]], class annotated with @DirtiesContext [false] with mode [null].
05:45:36.499 [Test worker] DEBUG org.springframework.test.annotation.ProfileValueUtils - Retrieved @ProfileValueSourceConfiguration [null] for test class [com.hej.book.springboot.HelloControllerTest]
05:45:36.499 [Test worker] DEBUG org.springframework.test.annotation.ProfileValueUtils - Retrieved ProfileValueSource type [class org.springframework.test.annotation.SystemProfileValueSource] for class [com.hej.book.springboot.HelloControllerTest]
05:45:36.503 [Test worker] DEBUG org.springframework.test.context.support.DependencyInjectionTestExecutionListener - Performing dependency injection for test context [[DefaultTestContext@52ec7b2f testClass = HelloControllerTest, testInstance = com.hej.book.springboot.HelloControllerTest@73bddd1c, testMethod = [null], testException = [null], mergedContextConfiguration = [WebMergedContextConfiguration@310fa9d6 testClass = HelloControllerTest, locations = '{}', classes = '{class com.hej.book.springboot.Application}', contextInitializerClasses = '[]', activeProfiles = '{}', propertySourceLocations = '{}', propertySourceProperties = '{org.springframework.boot.test.autoconfigure.web.servlet.WebMvcTestContextBootstrapper=true}', contextCustomizers = set[org.springframework.boot.test.autoconfigure.OverrideAutoConfigurationContextCustomizerFactory$DisableAutoConfigurationContextCustomizer@35dc98b5, org.springframework.boot.test.autoconfigure.filter.TypeExcludeFiltersContextCustomizer@b95217a3, org.springframework.boot.test.autoconfigure.properties.PropertyMappingContextCustomizer@a5424486, org.springframework.boot.test.autoconfigure.web.servlet.WebDriverContextCustomizerFactory$Customizer@1ce31ed, [ImportsContextCustomizer@58c219e1 key = [org.springframework.boot.autoconfigure.cache.CacheAutoConfiguration, org.springframework.boot.autoconfigure.context.MessageSourceAutoConfiguration, org.springframework.boot.autoconfigure.data.web.SpringDataWebAutoConfiguration, org.springframework.boot.autoconfigure.freemarker.FreeMarkerAutoConfiguration, org.springframework.boot.autoconfigure.groovy.template.GroovyTemplateAutoConfiguration, org.springframework.boot.autoconfigure.gson.GsonAutoConfiguration, org.springframework.boot.autoconfigure.hateoas.HypermediaAutoConfiguration, org.springframework.boot.autoconfigure.http.HttpMessageConvertersAutoConfiguration, org.springframework.boot.autoconfigure.jackson.JacksonAutoConfiguration, org.springframework.boot.autoconfigure.jsonb.JsonbAutoConfiguration, org.springframework.boot.autoconfigure.mustache.MustacheAutoConfiguration, org.springframework.boot.autoconfigure.task.TaskExecutionAutoConfiguration, org.springframework.boot.autoconfigure.thymeleaf.ThymeleafAutoConfiguration, org.springframework.boot.autoconfigure.validation.ValidationAutoConfiguration, org.springframework.boot.autoconfigure.web.servlet.error.ErrorMvcAutoConfiguration, org.springframework.boot.autoconfigure.web.servlet.WebMvcAutoConfiguration, org.springframework.boot.test.autoconfigure.web.servlet.MockMvcAutoConfiguration, org.springframework.boot.test.autoconfigure.web.servlet.MockMvcSecurityAutoConfiguration, org.springframework.boot.test.autoconfigure.web.servlet.MockMvcWebClientAutoConfiguration, org.springframework.boot.test.autoconfigure.web.servlet.MockMvcWebDriverAutoConfiguration]], org.springframework.boot.test.context.filter.ExcludeFilterContextCustomizer@4129e416, org.springframework.boot.test.json.DuplicateJsonObjectContextCustomizerFactory$DuplicateJsonObjectContextCustomizer@5207e907, org.springframework.boot.test.mock.mockito.MockitoContextCustomizer@0], resourceBasePath = 'src/main/webapp', contextLoader = 'org.springframework.boot.test.context.SpringBootContextLoader', parent = [null]], attributes = map[[empty]]]].
05:45:36.639 [Test worker] DEBUG org.springframework.test.context.support.TestPropertySourceUtils - Adding inlined properties to environment: {spring.jmx.enabled=false, org.springframework.boot.test.autoconfigure.web.servlet.WebMvcTestContextBootstrapper=true, server.port=-1}

  .   ____          _            __ _ _
 /\\ / ___'_ __ _ _(_)_ __  __ _ \ \ \ \
( ( )\___ | '_ | '_| | '_ \/ _` | \ \ \ \
 \\/  ___)| |_)| | | | | || (_| |  ) ) ) )
  '  |____| .__|_| |_|_| |_\__, | / / / /
 =========|_|==============|___/=/_/_/_/
 :: Spring Boot ::        (v2.1.7.RELEASE)

2022-01-05 05:45:36.926  INFO 11404 --- [    Test worker] c.h.book.springboot.HelloControllerTest  : Starting HelloControllerTest on LAPTOP-NJ3I31UP with PID 11404 (started by Lenovo in E:\2022\web_workspace\springboot-webservice)
2022-01-05 05:45:36.931  INFO 11404 --- [    Test worker] c.h.book.springboot.HelloControllerTest  : No active profile set, falling back to default profiles: default
2022-01-05 05:45:38.491  INFO 11404 --- [    Test worker] o.s.s.concurrent.ThreadPoolTaskExecutor  : Initializing ExecutorService 'applicationTaskExecutor'
2022-01-05 05:45:38.589  INFO 11404 --- [    Test worker] o.s.b.a.w.s.WelcomePageHandlerMapping    : Adding welcome page template: index
2022-01-05 05:45:38.944  INFO 11404 --- [    Test worker] .s.s.UserDetailsServiceAutoConfiguration : 

Using generated security password: 9960851f-0aeb-44ff-8edb-52daeb531569

2022-01-05 05:45:39.250  INFO 11404 --- [    Test worker] o.s.s.web.DefaultSecurityFilterChain     : Creating filter chain: any request, [org.springframework.security.web.context.request.async.WebAsyncManagerIntegrationFilter@7b350167, org.springframework.security.web.context.SecurityContextPersistenceFilter@5a7fded0, org.springframework.security.web.header.HeaderWriterFilter@65f1a15f, org.springframework.security.web.csrf.CsrfFilter@24f1c670, org.springframework.security.web.authentication.logout.LogoutFilter@fb63323, org.springframework.security.web.authentication.UsernamePasswordAuthenticationFilter@42046e7f, org.springframework.security.web.authentication.ui.DefaultLoginPageGeneratingFilter@2002eca3, org.springframework.security.web.authentication.ui.DefaultLogoutPageGeneratingFilter@3af152fe, org.springframework.security.web.authentication.www.BasicAuthenticationFilter@459e69e3, org.springframework.security.web.savedrequest.RequestCacheAwareFilter@3383aa31, org.springframework.security.web.servletapi.SecurityContextHolderAwareRequestFilter@153183b, org.springframework.security.web.authentication.AnonymousAuthenticationFilter@42844943, org.springframework.security.web.session.SessionManagementFilter@196e2e89, org.springframework.security.web.access.ExceptionTranslationFilter@6a0a7e10, org.springframework.security.web.access.intercept.FilterSecurityInterceptor@2ab38f06]
2022-01-05 05:45:39.305  INFO 11404 --- [    Test worker] o.s.b.t.m.w.SpringBootMockServletContext : Initializing Spring TestDispatcherServlet ''
2022-01-05 05:45:39.305  INFO 11404 --- [    Test worker] o.s.t.web.servlet.TestDispatcherServlet  : Initializing Servlet ''
2022-01-05 05:45:39.320  INFO 11404 --- [    Test worker] o.s.t.web.servlet.TestDispatcherServlet  : Completed initialization in 15 ms
2022-01-05 05:45:39.367  INFO 11404 --- [    Test worker] c.h.book.springboot.HelloControllerTest  : Started HelloControllerTest in 2.719 seconds (JVM running for 4.633)
]]></system-out>
  <system-err><![CDATA[]]></system-err>
</testsuite>
